-------------------------------------------------------------------------------
Test set: br.gov.sp.fatec.veterinario.VeterinarioApplicationTests
-------------------------------------------------------------------------------
Tests run: 8, Failures: 0, Errors: 7, Skipped: 0, Time elapsed: 4.044 s <<< FAILURE! - in br.gov.sp.fatec.veterinario.VeterinarioApplicationTests
findByDescricao  Time elapsed: 0.182 s  <<< ERROR!
org.springframework.dao.InvalidDataAccessResourceUsageException: could not execute statement; SQL [n/a]; nested exception is org.hibernate.exception.SQLGrammarException: could not execute statement
	at br.gov.sp.fatec.veterinario.VeterinarioApplicationTests.findByDescricao(VeterinarioApplicationTests.java:68)
Caused by: org.hibernate.exception.SQLGrammarException: could not execute statement
	at br.gov.sp.fatec.veterinario.VeterinarioApplicationTests.findByDescricao(VeterinarioApplicationTests.java:68)
Caused by: java.sql.SQLSyntaxErrorException: Table 'fatec.ani_animal' doesn't exist
	at br.gov.sp.fatec.veterinario.VeterinarioApplicationTests.findByDescricao(VeterinarioApplicationTests.java:68)

findByDonoNome  Time elapsed: 0.015 s  <<< ERROR!
org.springframework.dao.InvalidDataAccessResourceUsageException: could not execute statement; SQL [n/a]; nested exception is org.hibernate.exception.SQLGrammarException: could not execute statement
	at br.gov.sp.fatec.veterinario.VeterinarioApplicationTests.findByDonoNome(VeterinarioApplicationTests.java:80)
Caused by: org.hibernate.exception.SQLGrammarException: could not execute statement
	at br.gov.sp.fatec.veterinario.VeterinarioApplicationTests.findByDonoNome(VeterinarioApplicationTests.java:80)
Caused by: java.sql.SQLSyntaxErrorException: Table 'fatec.don_dono' doesn't exist
	at br.gov.sp.fatec.veterinario.VeterinarioApplicationTests.findByDonoNome(VeterinarioApplicationTests.java:80)

findByConsultasProcedimento  Time elapsed: 0.013 s  <<< ERROR!
org.springframework.dao.InvalidDataAccessResourceUsageException: could not execute statement; SQL [n/a]; nested exception is org.hibernate.exception.SQLGrammarException: could not execute statement
	at br.gov.sp.fatec.veterinario.VeterinarioApplicationTests.findByConsultasProcedimento(VeterinarioApplicationTests.java:139)
Caused by: org.hibernate.exception.SQLGrammarException: could not execute statement
	at br.gov.sp.fatec.veterinario.VeterinarioApplicationTests.findByConsultasProcedimento(VeterinarioApplicationTests.java:139)
Caused by: java.sql.SQLSyntaxErrorException: Table 'fatec.ani_animal' doesn't exist
	at br.gov.sp.fatec.veterinario.VeterinarioApplicationTests.findByConsultasProcedimento(VeterinarioApplicationTests.java:139)

findByAnimalNome  Time elapsed: 0.012 s  <<< ERROR!
org.springframework.dao.InvalidDataAccessResourceUsageException: could not execute statement; SQL [n/a]; nested exception is org.hibernate.exception.SQLGrammarException: could not execute statement
	at br.gov.sp.fatec.veterinario.VeterinarioApplicationTests.findByAnimalNome(VeterinarioApplicationTests.java:119)
Caused by: org.hibernate.exception.SQLGrammarException: could not execute statement
	at br.gov.sp.fatec.veterinario.VeterinarioApplicationTests.findByAnimalNome(VeterinarioApplicationTests.java:119)
Caused by: java.sql.SQLSyntaxErrorException: Table 'fatec.ani_animal' doesn't exist
	at br.gov.sp.fatec.veterinario.VeterinarioApplicationTests.findByAnimalNome(VeterinarioApplicationTests.java:119)

findByNome  Time elapsed: 0.014 s  <<< ERROR!
org.springframework.dao.InvalidDataAccessResourceUsageException: could not execute statement; SQL [n/a]; nested exception is org.hibernate.exception.SQLGrammarException: could not execute statement
	at br.gov.sp.fatec.veterinario.VeterinarioApplicationTests.findByNome(VeterinarioApplicationTests.java:46)
Caused by: org.hibernate.exception.SQLGrammarException: could not execute statement
	at br.gov.sp.fatec.veterinario.VeterinarioApplicationTests.findByNome(VeterinarioApplicationTests.java:46)
Caused by: java.sql.SQLSyntaxErrorException: Table 'fatec.ani_animal' doesn't exist
	at br.gov.sp.fatec.veterinario.VeterinarioApplicationTests.findByNome(VeterinarioApplicationTests.java:46)

findByNomeOrEspecie  Time elapsed: 0.014 s  <<< ERROR!
org.springframework.dao.InvalidDataAccessResourceUsageException: could not execute statement; SQL [n/a]; nested exception is org.hibernate.exception.SQLGrammarException: could not execute statement
	at br.gov.sp.fatec.veterinario.VeterinarioApplicationTests.findByNomeOrEspecie(VeterinarioApplicationTests.java:57)
Caused by: org.hibernate.exception.SQLGrammarException: could not execute statement
	at br.gov.sp.fatec.veterinario.VeterinarioApplicationTests.findByNomeOrEspecie(VeterinarioApplicationTests.java:57)
Caused by: java.sql.SQLSyntaxErrorException: Table 'fatec.ani_animal' doesn't exist
	at br.gov.sp.fatec.veterinario.VeterinarioApplicationTests.findByNomeOrEspecie(VeterinarioApplicationTests.java:57)

findByAnimaisNome  Time elapsed: 0.011 s  <<< ERROR!
org.springframework.dao.InvalidDataAccessResourceUsageException: could not execute statement; SQL [n/a]; nested exception is org.hibernate.exception.SQLGrammarException: could not execute statement
	at br.gov.sp.fatec.veterinario.VeterinarioApplicationTests.findByAnimaisNome(VeterinarioApplicationTests.java:100)
Caused by: org.hibernate.exception.SQLGrammarException: could not execute statement
	at br.gov.sp.fatec.veterinario.VeterinarioApplicationTests.findByAnimaisNome(VeterinarioApplicationTests.java:100)
Caused by: java.sql.SQLSyntaxErrorException: Table 'fatec.don_dono' doesn't exist
	at br.gov.sp.fatec.veterinario.VeterinarioApplicationTests.findByAnimaisNome(VeterinarioApplicationTests.java:100)

