<?xml version="1.0" encoding="UTF-8"?>
<testsuite xmlns:xsi="http://www.w3.org/2001/XMLSchema-instance" xsi:noNamespaceSchemaLocation="https://maven.apache.org/surefire/maven-surefire-plugin/xsd/surefire-test-report.xsd" name="br.gov.sp.fatec.veterinario.VeterinarioApplicationTests" time="4.044" tests="8" errors="7" skipped="0" failures="0">
  <properties>
[...]
</properties>
  <testcase name="findByDescricao" classname="br.gov.sp.fatec.veterinario.VeterinarioApplicationTests" time="0.182">
    <error message="could not execute statement; SQL [n/a]; nested exception is org.hibernate.exception.SQLGrammarException: could not execute statement" type="org.springframework.dao.InvalidDataAccessResourceUsageException">org.springframework.dao.InvalidDataAccessResourceUsageException: could not execute statement; SQL [n/a]; nested exception is org.hibernate.exception.SQLGrammarException: could not execute statement
	at br.gov.sp.fatec.veterinario.VeterinarioApplicationTests.findByDescricao(VeterinarioApplicationTests.java:68)
Caused by: org.hibernate.exception.SQLGrammarException: could not execute statement
	at br.gov.sp.fatec.veterinario.VeterinarioApplicationTests.findByDescricao(VeterinarioApplicationTests.java:68)
Caused by: java.sql.SQLSyntaxErrorException: Table 'fatec.ani_animal' doesn't exist
	at br.gov.sp.fatec.veterinario.VeterinarioApplicationTests.findByDescricao(VeterinarioApplicationTests.java:68)
</error>
    <system-out><![CDATA[20:35:19.767 [main] DEBUG org.springframework.test.context.BootstrapUtils - Instantiating CacheAwareContextLoaderDelegate from class [org.springframework.test.context.cache.DefaultCacheAwareContextLoaderDelegate]
20:35:19.776 [main] DEBUG org.springframework.test.context.BootstrapUtils - Instantiating BootstrapContext using constructor [public org.springframework.test.context.support.DefaultBootstrapContext(java.lang.Class,org.springframework.test.context.CacheAwareContextLoaderDelegate)]
20:35:19.805 [main] DEBUG org.springframework.test.context.BootstrapUtils - Instantiating TestContextBootstrapper for test class [br.gov.sp.fatec.veterinario.VeterinarioApplicationTests] from class [org.springframework.boot.test.context.SpringBootTestContextBootstrapper]
20:35:19.815 [main] INFO org.springframework.boot.test.context.SpringBootTestContextBootstrapper - Neither @ContextConfiguration nor @ContextHierarchy found for test class [br.gov.sp.fatec.veterinario.VeterinarioApplicationTests], using SpringBootContextLoader
20:35:19.817 [main] DEBUG org.springframework.test.context.support.AbstractContextLoader - Did not detect default resource location for test class [br.gov.sp.fatec.veterinario.VeterinarioApplicationTests]: class path resource [br/gov/sp/fatec/veterinario/VeterinarioApplicationTests-context.xml] does not exist
20:35:19.818 [main] DEBUG org.springframework.test.context.support.AbstractContextLoader - Did not detect default resource location for test class [br.gov.sp.fatec.veterinario.VeterinarioApplicationTests]: class path resource [br/gov/sp/fatec/veterinario/VeterinarioApplicationTestsContext.groovy] does not exist
20:35:19.818 [main] INFO org.springframework.test.context.support.AbstractContextLoader - Could not detect default resource locations for test class [br.gov.sp.fatec.veterinario.VeterinarioApplicationTests]: no resource found for suffixes {-context.xml, Context.groovy}.
20:35:19.851 [main] DEBUG org.springframework.test.context.support.ActiveProfilesUtils - Could not find an 'annotation declaring class' for annotation type [org.springframework.test.context.ActiveProfiles] and class [br.gov.sp.fatec.veterinario.VeterinarioApplicationTests]
20:35:19.944 [main] DEBUG org.springframework.boot.test.context.SpringBootTestContextBootstrapper - @TestExecutionListeners is not present for class [br.gov.sp.fatec.veterinario.VeterinarioApplicationTests]: using defaults.
20:35:19.944 [main] INFO org.springframework.boot.test.context.SpringBootTestContextBootstrapper - Loaded default TestExecutionListener class names from location [META-INF/spring.factories]: [org.springframework.boot.test.mock.mockito.MockitoTestExecutionListener, org.springframework.boot.test.mock.mockito.ResetMocksTestExecutionListener, org.springframework.boot.test.autoconfigure.restdocs.RestDocsTestExecutionListener, org.springframework.boot.test.autoconfigure.web.client.MockRestServiceServerResetTestExecutionListener, org.springframework.boot.test.autoconfigure.web.servlet.MockMvcPrintOnlyOnFailureTestExecutionListener, org.springframework.boot.test.autoconfigure.web.servlet.WebDriverTestExecutionListener, org.springframework.boot.test.autoconfigure.webservices.client.MockWebServiceServerTestExecutionListener, org.springframework.test.context.web.ServletTestExecutionListener, org.springframework.test.context.support.DirtiesContextBeforeModesTestExecutionListener, org.springframework.test.context.event.ApplicationEventsTestExecutionListener, org.springframework.test.context.support.DependencyInjectionTestExecutionListener, org.springframework.test.context.support.DirtiesContextTestExecutionListener, org.springframework.test.context.transaction.TransactionalTestExecutionListener, org.springframework.test.context.jdbc.SqlScriptsTestExecutionListener, org.springframework.test.context.event.EventPublishingTestExecutionListener]
20:35:19.959 [main] INFO org.springframework.boot.test.context.SpringBootTestContextBootstrapper - Using TestExecutionListeners: [org.springframework.test.context.web.ServletTestExecutionListener@2002348, org.springframework.test.context.support.DirtiesContextBeforeModesTestExecutionListener@5911e990, org.springframework.test.context.event.ApplicationEventsTestExecutionListener@31000e60, org.springframework.boot.test.mock.mockito.MockitoTestExecutionListener@1d470d0, org.springframework.boot.test.autoconfigure.SpringBootDependencyInjectionTestExecutionListener@24d09c1, org.springframework.test.context.support.DirtiesContextTestExecutionListener@54c62d71, org.springframework.test.context.transaction.TransactionalTestExecutionListener@65045a87, org.springframework.test.context.jdbc.SqlScriptsTestExecutionListener@47f4e407, org.springframework.test.context.event.EventPublishingTestExecutionListener@2d1dee39, org.springframework.boot.test.mock.mockito.ResetMocksTestExecutionListener@48d5f34e, org.springframework.boot.test.autoconfigure.restdocs.RestDocsTestExecutionListener@fc258b1, org.springframework.boot.test.autoconfigure.web.client.MockRestServiceServerResetTestExecutionListener@6ff65192, org.springframework.boot.test.autoconfigure.web.servlet.MockMvcPrintOnlyOnFailureTestExecutionListener@2dd80673, org.springframework.boot.test.autoconfigure.web.servlet.WebDriverTestExecutionListener@4af0df05, org.springframework.boot.test.autoconfigure.webservices.client.MockWebServiceServerTestExecutionListener@57ea113a]
20:35:19.962 [main] DEBUG org.springframework.test.context.support.AbstractDirtiesContextTestExecutionListener - Before test class: context [DefaultTestContext@615091b8 testClass = VeterinarioApplicationTests, testInstance = [null], testMethod = [null], testException = [null], mergedContextConfiguration = [WebMergedContextConfiguration@4fce136b testClass = VeterinarioApplicationTests, locations = '{}', classes = '{class br.gov.sp.fatec.veterinario.VeterinarioApplication}', contextInitializerClasses = '[]', activeProfiles = '{}', propertySourceLocations = '{}', propertySourceProperties = '{org.springframework.boot.test.context.SpringBootTestContextBootstrapper=true}', contextCustomizers = set[org.springframework.boot.test.context.filter.ExcludeFilterContextCustomizer@56dc1551, org.springframework.boot.test.json.DuplicateJsonObjectContextCustomizerFactory$DuplicateJsonObjectContextCustomizer@27912e3, org.springframework.boot.test.mock.mockito.MockitoContextCustomizer@0, org.springframework.boot.test.web.client.TestRestTemplateContextCustomizer@7bf3a5d8, org.springframework.boot.test.autoconfigure.actuate.metrics.MetricsExportContextCustomizerFactory$DisableMetricExportContextCustomizer@239105a8, org.springframework.boot.test.autoconfigure.properties.PropertyMappingContextCustomizer@0, org.springframework.boot.test.autoconfigure.web.servlet.WebDriverContextCustomizerFactory$Customizer@1b266842, org.springframework.boot.test.context.SpringBootTestArgs@1, org.springframework.boot.test.context.SpringBootTestWebEnvironment@3d74bf60], resourceBasePath = 'src/main/webapp', contextLoader = 'org.springframework.boot.test.context.SpringBootContextLoader', parent = [null]], attributes = map['org.springframework.test.context.web.ServletTestExecutionListener.activateListener' -> true]], class annotated with @DirtiesContext [false] with mode [null].
20:35:19.994 [main] DEBUG org.springframework.test.context.support.TestPropertySourceUtils - Adding inlined properties to environment: {spring.jmx.enabled=false, org.springframework.boot.test.context.SpringBootTestContextBootstrapper=true}

  .   ____          _            __ _ _
 /\\ / ___'_ __ _ _(_)_ __  __ _ \ \ \ \
( ( )\___ | '_ | '_| | '_ \/ _` | \ \ \ \
 \\/  ___)| |_)| | | | | || (_| |  ) ) ) )
  '  |____| .__|_| |_|_| |_\__, | / / / /
 =========|_|==============|___/=/_/_/_/
 :: Spring Boot ::                (v2.5.4)

2021-09-24 20:35:20.236  INFO 19176 --- [           main] b.g.s.f.v.VeterinarioApplicationTests    : Starting VeterinarioApplicationTests using Java 11.0.12 on DESKTOP-0MCE63Q with PID 19176 (started by Perilo in C:\Users\Perilo\Downloads\Veterinario)
2021-09-24 20:35:20.239  INFO 19176 --- [           main] b.g.s.f.v.VeterinarioApplicationTests    : No active profile set, falling back to default profiles: default
2021-09-24 20:35:20.776  INFO 19176 --- [           main] .s.d.r.c.RepositoryConfigurationDelegate : Bootstrapping Spring Data JPA repositories in DEFAULT mode.
2021-09-24 20:35:20.823  INFO 19176 --- [           main] .s.d.r.c.RepositoryConfigurationDelegate : Finished Spring Data repository scanning in 40 ms. Found 3 JPA repository interfaces.
2021-09-24 20:35:21.231  INFO 19176 --- [           main] com.zaxxer.hikari.HikariDataSource       : HikariPool-1 - Starting...
2021-09-24 20:35:21.626  INFO 19176 --- [           main] com.zaxxer.hikari.HikariDataSource       : HikariPool-1 - Start completed.
2021-09-24 20:35:21.680  INFO 19176 --- [           main] o.hibernate.jpa.internal.util.LogHelper  : HHH000204: Processing PersistenceUnitInfo [name: default]
2021-09-24 20:35:21.726  INFO 19176 --- [           main] org.hibernate.Version                    : HHH000412: Hibernate ORM core version 5.4.32.Final
2021-09-24 20:35:21.851  INFO 19176 --- [           main] o.hibernate.annotations.common.Version   : HCANN000001: Hibernate Commons Annotations {5.1.2.Final}
2021-09-24 20:35:21.956  INFO 19176 --- [           main] org.hibernate.dialect.Dialect            : HHH000400: Using dialect: org.hibernate.dialect.MySQL5Dialect
2021-09-24 20:35:22.476  INFO 19176 --- [           main] o.h.e.t.j.p.i.JtaPlatformInitiator       : HHH000490: Using JtaPlatform implementation: [org.hibernate.engine.transaction.jta.platform.internal.NoJtaPlatform]
2021-09-24 20:35:22.486  INFO 19176 --- [           main] j.LocalContainerEntityManagerFactoryBean : Initialized JPA EntityManagerFactory for persistence unit 'default'
2021-09-24 20:35:22.688  WARN 19176 --- [           main] JpaBaseConfiguration$JpaWebConfiguration : spring.jpa.open-in-view is enabled by default. Therefore, database queries may be performed during view rendering. Explicitly configure spring.jpa.open-in-view to disable this warning
2021-09-24 20:35:23.471  INFO 19176 --- [           main] b.g.s.f.v.VeterinarioApplicationTests    : Started VeterinarioApplicationTests in 3.471 seconds (JVM running for 4.19)
2021-09-24 20:35:23.514  INFO 19176 --- [           main] o.s.t.c.transaction.TransactionContext   : Began transaction (1) for test context [DefaultTestContext@615091b8 testClass = VeterinarioApplicationTests, testInstance = br.gov.sp.fatec.veterinario.VeterinarioApplicationTests@3c205259, testMethod = findByDescricao@VeterinarioApplicationTests, testException = [null], mergedContextConfiguration = [WebMergedContextConfiguration@4fce136b testClass = VeterinarioApplicationTests, locations = '{}', classes = '{class br.gov.sp.fatec.veterinario.VeterinarioApplication}', contextInitializerClasses = '[]', activeProfiles = '{}', propertySourceLocations = '{}', propertySourceProperties = '{org.springframework.boot.test.context.SpringBootTestContextBootstrapper=true}', contextCustomizers = set[org.springframework.boot.test.context.filter.ExcludeFilterContextCustomizer@56dc1551, org.springframework.boot.test.json.DuplicateJsonObjectContextCustomizerFactory$DuplicateJsonObjectContextCustomizer@27912e3, org.springframework.boot.test.mock.mockito.MockitoContextCustomizer@0, org.springframework.boot.test.web.client.TestRestTemplateContextCustomizer@7bf3a5d8, org.springframework.boot.test.autoconfigure.actuate.metrics.MetricsExportContextCustomizerFactory$DisableMetricExportContextCustomizer@239105a8, org.springframework.boot.test.autoconfigure.properties.PropertyMappingContextCustomizer@0, org.springframework.boot.test.autoconfigure.web.servlet.WebDriverContextCustomizerFactory$Customizer@1b266842, org.springframework.boot.test.context.SpringBootTestArgs@1, org.springframework.boot.test.context.SpringBootTestWebEnvironment@3d74bf60], resourceBasePath = 'src/main/webapp', contextLoader = 'org.springframework.boot.test.context.SpringBootContextLoader', parent = [null]], attributes = map['org.springframework.test.context.web.ServletTestExecutionListener.activateListener' -> true, 'org.springframework.test.context.web.ServletTestExecutionListener.populatedRequestContextHolder' -> true, 'org.springframework.test.context.web.ServletTestExecutionListener.resetRequestContextHolder' -> true, 'org.springframework.test.context.event.ApplicationEventsTestExecutionListener.recordApplicationEvents' -> false]]; transaction manager [org.springframework.orm.jpa.JpaTransactionManager@49c4118b]; rollback [true]
2021-09-24 20:35:23.626 DEBUG 19176 --- [           main] org.hibernate.SQL                        : insert into ani_animal (ani_descricao, ani_especie, ani_nome) values (?, ?, ?)
2021-09-24 20:35:23.641 TRACE 19176 --- [           main] o.h.type.descriptor.sql.BasicBinder      : binding parameter [1] as [VARCHAR] - [Marsupial]
2021-09-24 20:35:23.642 TRACE 19176 --- [           main] o.h.type.descriptor.sql.BasicBinder      : binding parameter [2] as [VARCHAR] - [Coala]
2021-09-24 20:35:23.642 TRACE 19176 --- [           main] o.h.type.descriptor.sql.BasicBinder      : binding parameter [3] as [VARCHAR] - [Lulu]
2021-09-24 20:35:23.656  WARN 19176 --- [           main] o.h.engine.jdbc.spi.SqlExceptionHelper   : SQL Error: 1146, SQLState: 42S02
2021-09-24 20:35:23.656 ERROR 19176 --- [           main] o.h.engine.jdbc.spi.SqlExceptionHelper   : Table 'fatec.ani_animal' doesn't exist
2021-09-24 20:35:23.668  INFO 19176 --- [           main] o.s.t.c.transaction.TransactionContext   : Rolled back transaction for test: [DefaultTestContext@615091b8 testClass = VeterinarioApplicationTests, testInstance = br.gov.sp.fatec.veterinario.VeterinarioApplicationTests@3c205259, testMethod = findByDescricao@VeterinarioApplicationTests, testException = org.springframework.dao.InvalidDataAccessResourceUsageException: could not execute statement; SQL [n/a]; nested exception is org.hibernate.exception.SQLGrammarException: could not execute statement, mergedContextConfiguration = [WebMergedContextConfiguration@4fce136b testClass = VeterinarioApplicationTests, locations = '{}', classes = '{class br.gov.sp.fatec.veterinario.VeterinarioApplication}', contextInitializerClasses = '[]', activeProfiles = '{}', propertySourceLocations = '{}', propertySourceProperties = '{org.springframework.boot.test.context.SpringBootTestContextBootstrapper=true}', contextCustomizers = set[org.springframework.boot.test.context.filter.ExcludeFilterContextCustomizer@56dc1551, org.springframework.boot.test.json.DuplicateJsonObjectContextCustomizerFactory$DuplicateJsonObjectContextCustomizer@27912e3, org.springframework.boot.test.mock.mockito.MockitoContextCustomizer@0, org.springframework.boot.test.web.client.TestRestTemplateContextCustomizer@7bf3a5d8, org.springframework.boot.test.autoconfigure.actuate.metrics.MetricsExportContextCustomizerFactory$DisableMetricExportContextCustomizer@239105a8, org.springframework.boot.test.autoconfigure.properties.PropertyMappingContextCustomizer@0, org.springframework.boot.test.autoconfigure.web.servlet.WebDriverContextCustomizerFactory$Customizer@1b266842, org.springframework.boot.test.context.SpringBootTestArgs@1, org.springframework.boot.test.context.SpringBootTestWebEnvironment@3d74bf60], resourceBasePath = 'src/main/webapp', contextLoader = 'org.springframework.boot.test.context.SpringBootContextLoader', parent = [null]], attributes = map['org.springframework.test.context.web.ServletTestExecutionListener.activateListener' -> true, 'org.springframework.test.context.web.ServletTestExecutionListener.populatedRequestContextHolder' -> true, 'org.springframework.test.context.web.ServletTestExecutionListener.resetRequestContextHolder' -> true, 'org.springframework.test.context.event.ApplicationEventsTestExecutionListener.recordApplicationEvents' -> false]]
]]></system-out>
  </testcase>
  <testcase name="findByDonoNome" classname="br.gov.sp.fatec.veterinario.VeterinarioApplicationTests" time="0.015">
    <error message="could not execute statement; SQL [n/a]; nested exception is org.hibernate.exception.SQLGrammarException: could not execute statement" type="org.springframework.dao.InvalidDataAccessResourceUsageException">org.springframework.dao.InvalidDataAccessResourceUsageException: could not execute statement; SQL [n/a]; nested exception is org.hibernate.exception.SQLGrammarException: could not execute statement
	at br.gov.sp.fatec.veterinario.VeterinarioApplicationTests.findByDonoNome(VeterinarioApplicationTests.java:80)
Caused by: org.hibernate.exception.SQLGrammarException: could not execute statement
	at br.gov.sp.fatec.veterinario.VeterinarioApplicationTests.findByDonoNome(VeterinarioApplicationTests.java:80)
Caused by: java.sql.SQLSyntaxErrorException: Table 'fatec.don_dono' doesn't exist
	at br.gov.sp.fatec.veterinario.VeterinarioApplicationTests.findByDonoNome(VeterinarioApplicationTests.java:80)
</error>
    <system-out><![CDATA[2021-09-24 20:35:23.684  INFO 19176 --- [           main] o.s.t.c.transaction.TransactionContext   : Began transaction (1) for test context [DefaultTestContext@615091b8 testClass = VeterinarioApplicationTests, testInstance = br.gov.sp.fatec.veterinario.VeterinarioApplicationTests@2178d296, testMethod = findByDonoNome@VeterinarioApplicationTests, testException = [null], mergedContextConfiguration = [WebMergedContextConfiguration@4fce136b testClass = VeterinarioApplicationTests, locations = '{}', classes = '{class br.gov.sp.fatec.veterinario.VeterinarioApplication}', contextInitializerClasses = '[]', activeProfiles = '{}', propertySourceLocations = '{}', propertySourceProperties = '{org.springframework.boot.test.context.SpringBootTestContextBootstrapper=true}', contextCustomizers = set[org.springframework.boot.test.context.filter.ExcludeFilterContextCustomizer@56dc1551, org.springframework.boot.test.json.DuplicateJsonObjectContextCustomizerFactory$DuplicateJsonObjectContextCustomizer@27912e3, org.springframework.boot.test.mock.mockito.MockitoContextCustomizer@0, org.springframework.boot.test.web.client.TestRestTemplateContextCustomizer@7bf3a5d8, org.springframework.boot.test.autoconfigure.actuate.metrics.MetricsExportContextCustomizerFactory$DisableMetricExportContextCustomizer@239105a8, org.springframework.boot.test.autoconfigure.properties.PropertyMappingContextCustomizer@0, org.springframework.boot.test.autoconfigure.web.servlet.WebDriverContextCustomizerFactory$Customizer@1b266842, org.springframework.boot.test.context.SpringBootTestArgs@1, org.springframework.boot.test.context.SpringBootTestWebEnvironment@3d74bf60], resourceBasePath = 'src/main/webapp', contextLoader = 'org.springframework.boot.test.context.SpringBootContextLoader', parent = [null]], attributes = map['org.springframework.test.context.web.ServletTestExecutionListener.activateListener' -> true, 'org.springframework.test.context.web.ServletTestExecutionListener.populatedRequestContextHolder' -> true, 'org.springframework.test.context.web.ServletTestExecutionListener.resetRequestContextHolder' -> true, 'org.springframework.test.context.event.ApplicationEventsTestExecutionListener.recordApplicationEvents' -> false]]; transaction manager [org.springframework.orm.jpa.JpaTransactionManager@49c4118b]; rollback [true]
2021-09-24 20:35:23.689 DEBUG 19176 --- [           main] org.hibernate.SQL                        : insert into don_dono (don_nome, don_observacao, don_telefone) values (?, ?, ?)
2021-09-24 20:35:23.690 TRACE 19176 --- [           main] o.h.type.descriptor.sql.BasicBinder      : binding parameter [1] as [VARCHAR] - [Joel]
2021-09-24 20:35:23.690 TRACE 19176 --- [           main] o.h.type.descriptor.sql.BasicBinder      : binding parameter [2] as [VARCHAR] - [observacao]
2021-09-24 20:35:23.691 TRACE 19176 --- [           main] o.h.type.descriptor.sql.BasicBinder      : binding parameter [3] as [BIGINT] - [123456789]
2021-09-24 20:35:23.693  WARN 19176 --- [           main] o.h.engine.jdbc.spi.SqlExceptionHelper   : SQL Error: 1146, SQLState: 42S02
2021-09-24 20:35:23.693 ERROR 19176 --- [           main] o.h.engine.jdbc.spi.SqlExceptionHelper   : Table 'fatec.don_dono' doesn't exist
2021-09-24 20:35:23.697  INFO 19176 --- [           main] o.s.t.c.transaction.TransactionContext   : Rolled back transaction for test: [DefaultTestContext@615091b8 testClass = VeterinarioApplicationTests, testInstance = br.gov.sp.fatec.veterinario.VeterinarioApplicationTests@2178d296, testMethod = findByDonoNome@VeterinarioApplicationTests, testException = org.springframework.dao.InvalidDataAccessResourceUsageException: could not execute statement; SQL [n/a]; nested exception is org.hibernate.exception.SQLGrammarException: could not execute statement, mergedContextConfiguration = [WebMergedContextConfiguration@4fce136b testClass = VeterinarioApplicationTests, locations = '{}', classes = '{class br.gov.sp.fatec.veterinario.VeterinarioApplication}', contextInitializerClasses = '[]', activeProfiles = '{}', propertySourceLocations = '{}', propertySourceProperties = '{org.springframework.boot.test.context.SpringBootTestContextBootstrapper=true}', contextCustomizers = set[org.springframework.boot.test.context.filter.ExcludeFilterContextCustomizer@56dc1551, org.springframework.boot.test.json.DuplicateJsonObjectContextCustomizerFactory$DuplicateJsonObjectContextCustomizer@27912e3, org.springframework.boot.test.mock.mockito.MockitoContextCustomizer@0, org.springframework.boot.test.web.client.TestRestTemplateContextCustomizer@7bf3a5d8, org.springframework.boot.test.autoconfigure.actuate.metrics.MetricsExportContextCustomizerFactory$DisableMetricExportContextCustomizer@239105a8, org.springframework.boot.test.autoconfigure.properties.PropertyMappingContextCustomizer@0, org.springframework.boot.test.autoconfigure.web.servlet.WebDriverContextCustomizerFactory$Customizer@1b266842, org.springframework.boot.test.context.SpringBootTestArgs@1, org.springframework.boot.test.context.SpringBootTestWebEnvironment@3d74bf60], resourceBasePath = 'src/main/webapp', contextLoader = 'org.springframework.boot.test.context.SpringBootContextLoader', parent = [null]], attributes = map['org.springframework.test.context.web.ServletTestExecutionListener.activateListener' -> true, 'org.springframework.test.context.web.ServletTestExecutionListener.populatedRequestContextHolder' -> true, 'org.springframework.test.context.web.ServletTestExecutionListener.resetRequestContextHolder' -> true, 'org.springframework.test.context.event.ApplicationEventsTestExecutionListener.recordApplicationEvents' -> false]]
]]></system-out>
  </testcase>
  <testcase name="findByConsultasProcedimento" classname="br.gov.sp.fatec.veterinario.VeterinarioApplicationTests" time="0.013">
    <error message="could not execute statement; SQL [n/a]; nested exception is org.hibernate.exception.SQLGrammarException: could not execute statement" type="org.springframework.dao.InvalidDataAccessResourceUsageException">org.springframework.dao.InvalidDataAccessResourceUsageException: could not execute statement; SQL [n/a]; nested exception is org.hibernate.exception.SQLGrammarException: could not execute statement
	at br.gov.sp.fatec.veterinario.VeterinarioApplicationTests.findByConsultasProcedimento(VeterinarioApplicationTests.java:139)
Caused by: org.hibernate.exception.SQLGrammarException: could not execute statement
	at br.gov.sp.fatec.veterinario.VeterinarioApplicationTests.findByConsultasProcedimento(VeterinarioApplicationTests.java:139)
Caused by: java.sql.SQLSyntaxErrorException: Table 'fatec.ani_animal' doesn't exist
	at br.gov.sp.fatec.veterinario.VeterinarioApplicationTests.findByConsultasProcedimento(VeterinarioApplicationTests.java:139)
</error>
    <system-out><![CDATA[2021-09-24 20:35:23.700  INFO 19176 --- [           main] o.s.t.c.transaction.TransactionContext   : Began transaction (1) for test context [DefaultTestContext@615091b8 testClass = VeterinarioApplicationTests, testInstance = br.gov.sp.fatec.veterinario.VeterinarioApplicationTests@e581302, testMethod = findByConsultasProcedimento@VeterinarioApplicationTests, testException = [null], mergedContextConfiguration = [WebMergedContextConfiguration@4fce136b testClass = VeterinarioApplicationTests, locations = '{}', classes = '{class br.gov.sp.fatec.veterinario.VeterinarioApplication}', contextInitializerClasses = '[]', activeProfiles = '{}', propertySourceLocations = '{}', propertySourceProperties = '{org.springframework.boot.test.context.SpringBootTestContextBootstrapper=true}', contextCustomizers = set[org.springframework.boot.test.context.filter.ExcludeFilterContextCustomizer@56dc1551, org.springframework.boot.test.json.DuplicateJsonObjectContextCustomizerFactory$DuplicateJsonObjectContextCustomizer@27912e3, org.springframework.boot.test.mock.mockito.MockitoContextCustomizer@0, org.springframework.boot.test.web.client.TestRestTemplateContextCustomizer@7bf3a5d8, org.springframework.boot.test.autoconfigure.actuate.metrics.MetricsExportContextCustomizerFactory$DisableMetricExportContextCustomizer@239105a8, org.springframework.boot.test.autoconfigure.properties.PropertyMappingContextCustomizer@0, org.springframework.boot.test.autoconfigure.web.servlet.WebDriverContextCustomizerFactory$Customizer@1b266842, org.springframework.boot.test.context.SpringBootTestArgs@1, org.springframework.boot.test.context.SpringBootTestWebEnvironment@3d74bf60], resourceBasePath = 'src/main/webapp', contextLoader = 'org.springframework.boot.test.context.SpringBootContextLoader', parent = [null]], attributes = map['org.springframework.test.context.web.ServletTestExecutionListener.activateListener' -> true, 'org.springframework.test.context.web.ServletTestExecutionListener.populatedRequestContextHolder' -> true, 'org.springframework.test.context.web.ServletTestExecutionListener.resetRequestContextHolder' -> true, 'org.springframework.test.context.event.ApplicationEventsTestExecutionListener.recordApplicationEvents' -> false]]; transaction manager [org.springframework.orm.jpa.JpaTransactionManager@49c4118b]; rollback [true]
2021-09-24 20:35:23.702 DEBUG 19176 --- [           main] org.hibernate.SQL                        : insert into ani_animal (ani_descricao, ani_especie, ani_nome) values (?, ?, ?)
2021-09-24 20:35:23.703 TRACE 19176 --- [           main] o.h.type.descriptor.sql.BasicBinder      : binding parameter [1] as [VARCHAR] - [Mamifero feroz]
2021-09-24 20:35:23.703 TRACE 19176 --- [           main] o.h.type.descriptor.sql.BasicBinder      : binding parameter [2] as [VARCHAR] - [Coelho]
2021-09-24 20:35:23.703 TRACE 19176 --- [           main] o.h.type.descriptor.sql.BasicBinder      : binding parameter [3] as [VARCHAR] - [Liro]
2021-09-24 20:35:23.705  WARN 19176 --- [           main] o.h.engine.jdbc.spi.SqlExceptionHelper   : SQL Error: 1146, SQLState: 42S02
2021-09-24 20:35:23.705 ERROR 19176 --- [           main] o.h.engine.jdbc.spi.SqlExceptionHelper   : Table 'fatec.ani_animal' doesn't exist
2021-09-24 20:35:23.710  INFO 19176 --- [           main] o.s.t.c.transaction.TransactionContext   : Rolled back transaction for test: [DefaultTestContext@615091b8 testClass = VeterinarioApplicationTests, testInstance = br.gov.sp.fatec.veterinario.VeterinarioApplicationTests@e581302, testMethod = findByConsultasProcedimento@VeterinarioApplicationTests, testException = org.springframework.dao.InvalidDataAccessResourceUsageException: could not execute statement; SQL [n/a]; nested exception is org.hibernate.exception.SQLGrammarException: could not execute statement, mergedContextConfiguration = [WebMergedContextConfiguration@4fce136b testClass = VeterinarioApplicationTests, locations = '{}', classes = '{class br.gov.sp.fatec.veterinario.VeterinarioApplication}', contextInitializerClasses = '[]', activeProfiles = '{}', propertySourceLocations = '{}', propertySourceProperties = '{org.springframework.boot.test.context.SpringBootTestContextBootstrapper=true}', contextCustomizers = set[org.springframework.boot.test.context.filter.ExcludeFilterContextCustomizer@56dc1551, org.springframework.boot.test.json.DuplicateJsonObjectContextCustomizerFactory$DuplicateJsonObjectContextCustomizer@27912e3, org.springframework.boot.test.mock.mockito.MockitoContextCustomizer@0, org.springframework.boot.test.web.client.TestRestTemplateContextCustomizer@7bf3a5d8, org.springframework.boot.test.autoconfigure.actuate.metrics.MetricsExportContextCustomizerFactory$DisableMetricExportContextCustomizer@239105a8, org.springframework.boot.test.autoconfigure.properties.PropertyMappingContextCustomizer@0, org.springframework.boot.test.autoconfigure.web.servlet.WebDriverContextCustomizerFactory$Customizer@1b266842, org.springframework.boot.test.context.SpringBootTestArgs@1, org.springframework.boot.test.context.SpringBootTestWebEnvironment@3d74bf60], resourceBasePath = 'src/main/webapp', contextLoader = 'org.springframework.boot.test.context.SpringBootContextLoader', parent = [null]], attributes = map['org.springframework.test.context.web.ServletTestExecutionListener.activateListener' -> true, 'org.springframework.test.context.web.ServletTestExecutionListener.populatedRequestContextHolder' -> true, 'org.springframework.test.context.web.ServletTestExecutionListener.resetRequestContextHolder' -> true, 'org.springframework.test.context.event.ApplicationEventsTestExecutionListener.recordApplicationEvents' -> false]]
]]></system-out>
  </testcase>
  <testcase name="findByAnimalNome" classname="br.gov.sp.fatec.veterinario.VeterinarioApplicationTests" time="0.012">
    <error message="could not execute statement; SQL [n/a]; nested exception is org.hibernate.exception.SQLGrammarException: could not execute statement" type="org.springframework.dao.InvalidDataAccessResourceUsageException">org.springframework.dao.InvalidDataAccessResourceUsageException: could not execute statement; SQL [n/a]; nested exception is org.hibernate.exception.SQLGrammarException: could not execute statement
	at br.gov.sp.fatec.veterinario.VeterinarioApplicationTests.findByAnimalNome(VeterinarioApplicationTests.java:119)
Caused by: org.hibernate.exception.SQLGrammarException: could not execute statement
	at br.gov.sp.fatec.veterinario.VeterinarioApplicationTests.findByAnimalNome(VeterinarioApplicationTests.java:119)
Caused by: java.sql.SQLSyntaxErrorException: Table 'fatec.ani_animal' doesn't exist
	at br.gov.sp.fatec.veterinario.VeterinarioApplicationTests.findByAnimalNome(VeterinarioApplicationTests.java:119)
</error>
    <system-out><![CDATA[2021-09-24 20:35:23.713  INFO 19176 --- [           main] o.s.t.c.transaction.TransactionContext   : Began transaction (1) for test context [DefaultTestContext@615091b8 testClass = VeterinarioApplicationTests, testInstance = br.gov.sp.fatec.veterinario.VeterinarioApplicationTests@3891b430, testMethod = findByAnimalNome@VeterinarioApplicationTests, testException = [null], mergedContextConfiguration = [WebMergedContextConfiguration@4fce136b testClass = VeterinarioApplicationTests, locations = '{}', classes = '{class br.gov.sp.fatec.veterinario.VeterinarioApplication}', contextInitializerClasses = '[]', activeProfiles = '{}', propertySourceLocations = '{}', propertySourceProperties = '{org.springframework.boot.test.context.SpringBootTestContextBootstrapper=true}', contextCustomizers = set[org.springframework.boot.test.context.filter.ExcludeFilterContextCustomizer@56dc1551, org.springframework.boot.test.json.DuplicateJsonObjectContextCustomizerFactory$DuplicateJsonObjectContextCustomizer@27912e3, org.springframework.boot.test.mock.mockito.MockitoContextCustomizer@0, org.springframework.boot.test.web.client.TestRestTemplateContextCustomizer@7bf3a5d8, org.springframework.boot.test.autoconfigure.actuate.metrics.MetricsExportContextCustomizerFactory$DisableMetricExportContextCustomizer@239105a8, org.springframework.boot.test.autoconfigure.properties.PropertyMappingContextCustomizer@0, org.springframework.boot.test.autoconfigure.web.servlet.WebDriverContextCustomizerFactory$Customizer@1b266842, org.springframework.boot.test.context.SpringBootTestArgs@1, org.springframework.boot.test.context.SpringBootTestWebEnvironment@3d74bf60], resourceBasePath = 'src/main/webapp', contextLoader = 'org.springframework.boot.test.context.SpringBootContextLoader', parent = [null]], attributes = map['org.springframework.test.context.web.ServletTestExecutionListener.activateListener' -> true, 'org.springframework.test.context.web.ServletTestExecutionListener.populatedRequestContextHolder' -> true, 'org.springframework.test.context.web.ServletTestExecutionListener.resetRequestContextHolder' -> true, 'org.springframework.test.context.event.ApplicationEventsTestExecutionListener.recordApplicationEvents' -> false]]; transaction manager [org.springframework.orm.jpa.JpaTransactionManager@49c4118b]; rollback [true]
2021-09-24 20:35:23.715 DEBUG 19176 --- [           main] org.hibernate.SQL                        : insert into ani_animal (ani_descricao, ani_especie, ani_nome) values (?, ?, ?)
2021-09-24 20:35:23.715 TRACE 19176 --- [           main] o.h.type.descriptor.sql.BasicBinder      : binding parameter [1] as [VARCHAR] - [Mamifero feroz]
2021-09-24 20:35:23.716 TRACE 19176 --- [           main] o.h.type.descriptor.sql.BasicBinder      : binding parameter [2] as [VARCHAR] - [Coelho]
2021-09-24 20:35:23.716 TRACE 19176 --- [           main] o.h.type.descriptor.sql.BasicBinder      : binding parameter [3] as [VARCHAR] - [Liro]
2021-09-24 20:35:23.717  WARN 19176 --- [           main] o.h.engine.jdbc.spi.SqlExceptionHelper   : SQL Error: 1146, SQLState: 42S02
2021-09-24 20:35:23.717 ERROR 19176 --- [           main] o.h.engine.jdbc.spi.SqlExceptionHelper   : Table 'fatec.ani_animal' doesn't exist
2021-09-24 20:35:23.722  INFO 19176 --- [           main] o.s.t.c.transaction.TransactionContext   : Rolled back transaction for test: [DefaultTestContext@615091b8 testClass = VeterinarioApplicationTests, testInstance = br.gov.sp.fatec.veterinario.VeterinarioApplicationTests@3891b430, testMethod = findByAnimalNome@VeterinarioApplicationTests, testException = org.springframework.dao.InvalidDataAccessResourceUsageException: could not execute statement; SQL [n/a]; nested exception is org.hibernate.exception.SQLGrammarException: could not execute statement, mergedContextConfiguration = [WebMergedContextConfiguration@4fce136b testClass = VeterinarioApplicationTests, locations = '{}', classes = '{class br.gov.sp.fatec.veterinario.VeterinarioApplication}', contextInitializerClasses = '[]', activeProfiles = '{}', propertySourceLocations = '{}', propertySourceProperties = '{org.springframework.boot.test.context.SpringBootTestContextBootstrapper=true}', contextCustomizers = set[org.springframework.boot.test.context.filter.ExcludeFilterContextCustomizer@56dc1551, org.springframework.boot.test.json.DuplicateJsonObjectContextCustomizerFactory$DuplicateJsonObjectContextCustomizer@27912e3, org.springframework.boot.test.mock.mockito.MockitoContextCustomizer@0, org.springframework.boot.test.web.client.TestRestTemplateContextCustomizer@7bf3a5d8, org.springframework.boot.test.autoconfigure.actuate.metrics.MetricsExportContextCustomizerFactory$DisableMetricExportContextCustomizer@239105a8, org.springframework.boot.test.autoconfigure.properties.PropertyMappingContextCustomizer@0, org.springframework.boot.test.autoconfigure.web.servlet.WebDriverContextCustomizerFactory$Customizer@1b266842, org.springframework.boot.test.context.SpringBootTestArgs@1, org.springframework.boot.test.context.SpringBootTestWebEnvironment@3d74bf60], resourceBasePath = 'src/main/webapp', contextLoader = 'org.springframework.boot.test.context.SpringBootContextLoader', parent = [null]], attributes = map['org.springframework.test.context.web.ServletTestExecutionListener.activateListener' -> true, 'org.springframework.test.context.web.ServletTestExecutionListener.populatedRequestContextHolder' -> true, 'org.springframework.test.context.web.ServletTestExecutionListener.resetRequestContextHolder' -> true, 'org.springframework.test.context.event.ApplicationEventsTestExecutionListener.recordApplicationEvents' -> false]]
]]></system-out>
  </testcase>
  <testcase name="findByNome" classname="br.gov.sp.fatec.veterinario.VeterinarioApplicationTests" time="0.014">
    <error message="could not execute statement; SQL [n/a]; nested exception is org.hibernate.exception.SQLGrammarException: could not execute statement" type="org.springframework.dao.InvalidDataAccessResourceUsageException">org.springframework.dao.InvalidDataAccessResourceUsageException: could not execute statement; SQL [n/a]; nested exception is org.hibernate.exception.SQLGrammarException: could not execute statement
	at br.gov.sp.fatec.veterinario.VeterinarioApplicationTests.findByNome(VeterinarioApplicationTests.java:46)
Caused by: org.hibernate.exception.SQLGrammarException: could not execute statement
	at br.gov.sp.fatec.veterinario.VeterinarioApplicationTests.findByNome(VeterinarioApplicationTests.java:46)
Caused by: java.sql.SQLSyntaxErrorException: Table 'fatec.ani_animal' doesn't exist
	at br.gov.sp.fatec.veterinario.VeterinarioApplicationTests.findByNome(VeterinarioApplicationTests.java:46)
</error>
    <system-out><![CDATA[2021-09-24 20:35:23.726  INFO 19176 --- [           main] o.s.t.c.transaction.TransactionContext   : Began transaction (1) for test context [DefaultTestContext@615091b8 testClass = VeterinarioApplicationTests, testInstance = br.gov.sp.fatec.veterinario.VeterinarioApplicationTests@2f03fdc0, testMethod = findByNome@VeterinarioApplicationTests, testException = [null], mergedContextConfiguration = [WebMergedContextConfiguration@4fce136b testClass = VeterinarioApplicationTests, locations = '{}', classes = '{class br.gov.sp.fatec.veterinario.VeterinarioApplication}', contextInitializerClasses = '[]', activeProfiles = '{}', propertySourceLocations = '{}', propertySourceProperties = '{org.springframework.boot.test.context.SpringBootTestContextBootstrapper=true}', contextCustomizers = set[org.springframework.boot.test.context.filter.ExcludeFilterContextCustomizer@56dc1551, org.springframework.boot.test.json.DuplicateJsonObjectContextCustomizerFactory$DuplicateJsonObjectContextCustomizer@27912e3, org.springframework.boot.test.mock.mockito.MockitoContextCustomizer@0, org.springframework.boot.test.web.client.TestRestTemplateContextCustomizer@7bf3a5d8, org.springframework.boot.test.autoconfigure.actuate.metrics.MetricsExportContextCustomizerFactory$DisableMetricExportContextCustomizer@239105a8, org.springframework.boot.test.autoconfigure.properties.PropertyMappingContextCustomizer@0, org.springframework.boot.test.autoconfigure.web.servlet.WebDriverContextCustomizerFactory$Customizer@1b266842, org.springframework.boot.test.context.SpringBootTestArgs@1, org.springframework.boot.test.context.SpringBootTestWebEnvironment@3d74bf60], resourceBasePath = 'src/main/webapp', contextLoader = 'org.springframework.boot.test.context.SpringBootContextLoader', parent = [null]], attributes = map['org.springframework.test.context.web.ServletTestExecutionListener.activateListener' -> true, 'org.springframework.test.context.web.ServletTestExecutionListener.populatedRequestContextHolder' -> true, 'org.springframework.test.context.web.ServletTestExecutionListener.resetRequestContextHolder' -> true, 'org.springframework.test.context.event.ApplicationEventsTestExecutionListener.recordApplicationEvents' -> false]]; transaction manager [org.springframework.orm.jpa.JpaTransactionManager@49c4118b]; rollback [true]
2021-09-24 20:35:23.729 DEBUG 19176 --- [           main] org.hibernate.SQL                        : insert into ani_animal (ani_descricao, ani_especie, ani_nome) values (?, ?, ?)
2021-09-24 20:35:23.730 TRACE 19176 --- [           main] o.h.type.descriptor.sql.BasicBinder      : binding parameter [1] as [VARCHAR] - [Felino grande]
2021-09-24 20:35:23.730 TRACE 19176 --- [           main] o.h.type.descriptor.sql.BasicBinder      : binding parameter [2] as [VARCHAR] - [Leao]
2021-09-24 20:35:23.730 TRACE 19176 --- [           main] o.h.type.descriptor.sql.BasicBinder      : binding parameter [3] as [VARCHAR] - [Simba]
2021-09-24 20:35:23.731  WARN 19176 --- [           main] o.h.engine.jdbc.spi.SqlExceptionHelper   : SQL Error: 1146, SQLState: 42S02
2021-09-24 20:35:23.731 ERROR 19176 --- [           main] o.h.engine.jdbc.spi.SqlExceptionHelper   : Table 'fatec.ani_animal' doesn't exist
2021-09-24 20:35:23.736  INFO 19176 --- [           main] o.s.t.c.transaction.TransactionContext   : Rolled back transaction for test: [DefaultTestContext@615091b8 testClass = VeterinarioApplicationTests, testInstance = br.gov.sp.fatec.veterinario.VeterinarioApplicationTests@2f03fdc0, testMethod = findByNome@VeterinarioApplicationTests, testException = org.springframework.dao.InvalidDataAccessResourceUsageException: could not execute statement; SQL [n/a]; nested exception is org.hibernate.exception.SQLGrammarException: could not execute statement, mergedContextConfiguration = [WebMergedContextConfiguration@4fce136b testClass = VeterinarioApplicationTests, locations = '{}', classes = '{class br.gov.sp.fatec.veterinario.VeterinarioApplication}', contextInitializerClasses = '[]', activeProfiles = '{}', propertySourceLocations = '{}', propertySourceProperties = '{org.springframework.boot.test.context.SpringBootTestContextBootstrapper=true}', contextCustomizers = set[org.springframework.boot.test.context.filter.ExcludeFilterContextCustomizer@56dc1551, org.springframework.boot.test.json.DuplicateJsonObjectContextCustomizerFactory$DuplicateJsonObjectContextCustomizer@27912e3, org.springframework.boot.test.mock.mockito.MockitoContextCustomizer@0, org.springframework.boot.test.web.client.TestRestTemplateContextCustomizer@7bf3a5d8, org.springframework.boot.test.autoconfigure.actuate.metrics.MetricsExportContextCustomizerFactory$DisableMetricExportContextCustomizer@239105a8, org.springframework.boot.test.autoconfigure.properties.PropertyMappingContextCustomizer@0, org.springframework.boot.test.autoconfigure.web.servlet.WebDriverContextCustomizerFactory$Customizer@1b266842, org.springframework.boot.test.context.SpringBootTestArgs@1, org.springframework.boot.test.context.SpringBootTestWebEnvironment@3d74bf60], resourceBasePath = 'src/main/webapp', contextLoader = 'org.springframework.boot.test.context.SpringBootContextLoader', parent = [null]], attributes = map['org.springframework.test.context.web.ServletTestExecutionListener.activateListener' -> true, 'org.springframework.test.context.web.ServletTestExecutionListener.populatedRequestContextHolder' -> true, 'org.springframework.test.context.web.ServletTestExecutionListener.resetRequestContextHolder' -> true, 'org.springframework.test.context.event.ApplicationEventsTestExecutionListener.recordApplicationEvents' -> false]]
]]></system-out>
  </testcase>
  <testcase name="findByNomeOrEspecie" classname="br.gov.sp.fatec.veterinario.VeterinarioApplicationTests" time="0.014">
    <error message="could not execute statement; SQL [n/a]; nested exception is org.hibernate.exception.SQLGrammarException: could not execute statement" type="org.springframework.dao.InvalidDataAccessResourceUsageException">org.springframework.dao.InvalidDataAccessResourceUsageException: could not execute statement; SQL [n/a]; nested exception is org.hibernate.exception.SQLGrammarException: could not execute statement
	at br.gov.sp.fatec.veterinario.VeterinarioApplicationTests.findByNomeOrEspecie(VeterinarioApplicationTests.java:57)
Caused by: org.hibernate.exception.SQLGrammarException: could not execute statement
	at br.gov.sp.fatec.veterinario.VeterinarioApplicationTests.findByNomeOrEspecie(VeterinarioApplicationTests.java:57)
Caused by: java.sql.SQLSyntaxErrorException: Table 'fatec.ani_animal' doesn't exist
	at br.gov.sp.fatec.veterinario.VeterinarioApplicationTests.findByNomeOrEspecie(VeterinarioApplicationTests.java:57)
</error>
    <system-out><![CDATA[2021-09-24 20:35:23.741  INFO 19176 --- [           main] o.s.t.c.transaction.TransactionContext   : Began transaction (1) for test context [DefaultTestContext@615091b8 testClass = VeterinarioApplicationTests, testInstance = br.gov.sp.fatec.veterinario.VeterinarioApplicationTests@1f5f4d48, testMethod = findByNomeOrEspecie@VeterinarioApplicationTests, testException = [null], mergedContextConfiguration = [WebMergedContextConfiguration@4fce136b testClass = VeterinarioApplicationTests, locations = '{}', classes = '{class br.gov.sp.fatec.veterinario.VeterinarioApplication}', contextInitializerClasses = '[]', activeProfiles = '{}', propertySourceLocations = '{}', propertySourceProperties = '{org.springframework.boot.test.context.SpringBootTestContextBootstrapper=true}', contextCustomizers = set[org.springframework.boot.test.context.filter.ExcludeFilterContextCustomizer@56dc1551, org.springframework.boot.test.json.DuplicateJsonObjectContextCustomizerFactory$DuplicateJsonObjectContextCustomizer@27912e3, org.springframework.boot.test.mock.mockito.MockitoContextCustomizer@0, org.springframework.boot.test.web.client.TestRestTemplateContextCustomizer@7bf3a5d8, org.springframework.boot.test.autoconfigure.actuate.metrics.MetricsExportContextCustomizerFactory$DisableMetricExportContextCustomizer@239105a8, org.springframework.boot.test.autoconfigure.properties.PropertyMappingContextCustomizer@0, org.springframework.boot.test.autoconfigure.web.servlet.WebDriverContextCustomizerFactory$Customizer@1b266842, org.springframework.boot.test.context.SpringBootTestArgs@1, org.springframework.boot.test.context.SpringBootTestWebEnvironment@3d74bf60], resourceBasePath = 'src/main/webapp', contextLoader = 'org.springframework.boot.test.context.SpringBootContextLoader', parent = [null]], attributes = map['org.springframework.test.context.web.ServletTestExecutionListener.activateListener' -> true, 'org.springframework.test.context.web.ServletTestExecutionListener.populatedRequestContextHolder' -> true, 'org.springframework.test.context.web.ServletTestExecutionListener.resetRequestContextHolder' -> true, 'org.springframework.test.context.event.ApplicationEventsTestExecutionListener.recordApplicationEvents' -> false]]; transaction manager [org.springframework.orm.jpa.JpaTransactionManager@49c4118b]; rollback [true]
2021-09-24 20:35:23.744 DEBUG 19176 --- [           main] org.hibernate.SQL                        : insert into ani_animal (ani_descricao, ani_especie, ani_nome) values (?, ?, ?)
2021-09-24 20:35:23.745 TRACE 19176 --- [           main] o.h.type.descriptor.sql.BasicBinder      : binding parameter [1] as [VARCHAR] - [Reptil feroz]
2021-09-24 20:35:23.745 TRACE 19176 --- [           main] o.h.type.descriptor.sql.BasicBinder      : binding parameter [2] as [VARCHAR] - [Jacare]
2021-09-24 20:35:23.745 TRACE 19176 --- [           main] o.h.type.descriptor.sql.BasicBinder      : binding parameter [3] as [VARCHAR] - [Cuca]
2021-09-24 20:35:23.746  WARN 19176 --- [           main] o.h.engine.jdbc.spi.SqlExceptionHelper   : SQL Error: 1146, SQLState: 42S02
2021-09-24 20:35:23.747 ERROR 19176 --- [           main] o.h.engine.jdbc.spi.SqlExceptionHelper   : Table 'fatec.ani_animal' doesn't exist
2021-09-24 20:35:23.750  INFO 19176 --- [           main] o.s.t.c.transaction.TransactionContext   : Rolled back transaction for test: [DefaultTestContext@615091b8 testClass = VeterinarioApplicationTests, testInstance = br.gov.sp.fatec.veterinario.VeterinarioApplicationTests@1f5f4d48, testMethod = findByNomeOrEspecie@VeterinarioApplicationTests, testException = org.springframework.dao.InvalidDataAccessResourceUsageException: could not execute statement; SQL [n/a]; nested exception is org.hibernate.exception.SQLGrammarException: could not execute statement, mergedContextConfiguration = [WebMergedContextConfiguration@4fce136b testClass = VeterinarioApplicationTests, locations = '{}', classes = '{class br.gov.sp.fatec.veterinario.VeterinarioApplication}', contextInitializerClasses = '[]', activeProfiles = '{}', propertySourceLocations = '{}', propertySourceProperties = '{org.springframework.boot.test.context.SpringBootTestContextBootstrapper=true}', contextCustomizers = set[org.springframework.boot.test.context.filter.ExcludeFilterContextCustomizer@56dc1551, org.springframework.boot.test.json.DuplicateJsonObjectContextCustomizerFactory$DuplicateJsonObjectContextCustomizer@27912e3, org.springframework.boot.test.mock.mockito.MockitoContextCustomizer@0, org.springframework.boot.test.web.client.TestRestTemplateContextCustomizer@7bf3a5d8, org.springframework.boot.test.autoconfigure.actuate.metrics.MetricsExportContextCustomizerFactory$DisableMetricExportContextCustomizer@239105a8, org.springframework.boot.test.autoconfigure.properties.PropertyMappingContextCustomizer@0, org.springframework.boot.test.autoconfigure.web.servlet.WebDriverContextCustomizerFactory$Customizer@1b266842, org.springframework.boot.test.context.SpringBootTestArgs@1, org.springframework.boot.test.context.SpringBootTestWebEnvironment@3d74bf60], resourceBasePath = 'src/main/webapp', contextLoader = 'org.springframework.boot.test.context.SpringBootContextLoader', parent = [null]], attributes = map['org.springframework.test.context.web.ServletTestExecutionListener.activateListener' -> true, 'org.springframework.test.context.web.ServletTestExecutionListener.populatedRequestContextHolder' -> true, 'org.springframework.test.context.web.ServletTestExecutionListener.resetRequestContextHolder' -> true, 'org.springframework.test.context.event.ApplicationEventsTestExecutionListener.recordApplicationEvents' -> false]]
]]></system-out>
  </testcase>
  <testcase name="findByAnimaisNome" classname="br.gov.sp.fatec.veterinario.VeterinarioApplicationTests" time="0.011">
    <error message="could not execute statement; SQL [n/a]; nested exception is org.hibernate.exception.SQLGrammarException: could not execute statement" type="org.springframework.dao.InvalidDataAccessResourceUsageException">org.springframework.dao.InvalidDataAccessResourceUsageException: could not execute statement; SQL [n/a]; nested exception is org.hibernate.exception.SQLGrammarException: could not execute statement
	at br.gov.sp.fatec.veterinario.VeterinarioApplicationTests.findByAnimaisNome(VeterinarioApplicationTests.java:100)
Caused by: org.hibernate.exception.SQLGrammarException: could not execute statement
	at br.gov.sp.fatec.veterinario.VeterinarioApplicationTests.findByAnimaisNome(VeterinarioApplicationTests.java:100)
Caused by: java.sql.SQLSyntaxErrorException: Table 'fatec.don_dono' doesn't exist
	at br.gov.sp.fatec.veterinario.VeterinarioApplicationTests.findByAnimaisNome(VeterinarioApplicationTests.java:100)
</error>
    <system-out><![CDATA[2021-09-24 20:35:23.754  INFO 19176 --- [           main] o.s.t.c.transaction.TransactionContext   : Began transaction (1) for test context [DefaultTestContext@615091b8 testClass = VeterinarioApplicationTests, testInstance = br.gov.sp.fatec.veterinario.VeterinarioApplicationTests@3dabdd11, testMethod = findByAnimaisNome@VeterinarioApplicationTests, testException = [null], mergedContextConfiguration = [WebMergedContextConfiguration@4fce136b testClass = VeterinarioApplicationTests, locations = '{}', classes = '{class br.gov.sp.fatec.veterinario.VeterinarioApplication}', contextInitializerClasses = '[]', activeProfiles = '{}', propertySourceLocations = '{}', propertySourceProperties = '{org.springframework.boot.test.context.SpringBootTestContextBootstrapper=true}', contextCustomizers = set[org.springframework.boot.test.context.filter.ExcludeFilterContextCustomizer@56dc1551, org.springframework.boot.test.json.DuplicateJsonObjectContextCustomizerFactory$DuplicateJsonObjectContextCustomizer@27912e3, org.springframework.boot.test.mock.mockito.MockitoContextCustomizer@0, org.springframework.boot.test.web.client.TestRestTemplateContextCustomizer@7bf3a5d8, org.springframework.boot.test.autoconfigure.actuate.metrics.MetricsExportContextCustomizerFactory$DisableMetricExportContextCustomizer@239105a8, org.springframework.boot.test.autoconfigure.properties.PropertyMappingContextCustomizer@0, org.springframework.boot.test.autoconfigure.web.servlet.WebDriverContextCustomizerFactory$Customizer@1b266842, org.springframework.boot.test.context.SpringBootTestArgs@1, org.springframework.boot.test.context.SpringBootTestWebEnvironment@3d74bf60], resourceBasePath = 'src/main/webapp', contextLoader = 'org.springframework.boot.test.context.SpringBootContextLoader', parent = [null]], attributes = map['org.springframework.test.context.web.ServletTestExecutionListener.activateListener' -> true, 'org.springframework.test.context.web.ServletTestExecutionListener.populatedRequestContextHolder' -> true, 'org.springframework.test.context.web.ServletTestExecutionListener.resetRequestContextHolder' -> true, 'org.springframework.test.context.event.ApplicationEventsTestExecutionListener.recordApplicationEvents' -> false]]; transaction manager [org.springframework.orm.jpa.JpaTransactionManager@49c4118b]; rollback [true]
2021-09-24 20:35:23.757 DEBUG 19176 --- [           main] org.hibernate.SQL                        : insert into don_dono (don_nome, don_observacao, don_telefone) values (?, ?, ?)
2021-09-24 20:35:23.758 TRACE 19176 --- [           main] o.h.type.descriptor.sql.BasicBinder      : binding parameter [1] as [VARCHAR] - [Joel]
2021-09-24 20:35:23.758 TRACE 19176 --- [           main] o.h.type.descriptor.sql.BasicBinder      : binding parameter [2] as [VARCHAR] - [observacao]
2021-09-24 20:35:23.758 TRACE 19176 --- [           main] o.h.type.descriptor.sql.BasicBinder      : binding parameter [3] as [BIGINT] - [123456789]
2021-09-24 20:35:23.759  WARN 19176 --- [           main] o.h.engine.jdbc.spi.SqlExceptionHelper   : SQL Error: 1146, SQLState: 42S02
2021-09-24 20:35:23.760 ERROR 19176 --- [           main] o.h.engine.jdbc.spi.SqlExceptionHelper   : Table 'fatec.don_dono' doesn't exist
2021-09-24 20:35:23.762  INFO 19176 --- [           main] o.s.t.c.transaction.TransactionContext   : Rolled back transaction for test: [DefaultTestContext@615091b8 testClass = VeterinarioApplicationTests, testInstance = br.gov.sp.fatec.veterinario.VeterinarioApplicationTests@3dabdd11, testMethod = findByAnimaisNome@VeterinarioApplicationTests, testException = org.springframework.dao.InvalidDataAccessResourceUsageException: could not execute statement; SQL [n/a]; nested exception is org.hibernate.exception.SQLGrammarException: could not execute statement, mergedContextConfiguration = [WebMergedContextConfiguration@4fce136b testClass = VeterinarioApplicationTests, locations = '{}', classes = '{class br.gov.sp.fatec.veterinario.VeterinarioApplication}', contextInitializerClasses = '[]', activeProfiles = '{}', propertySourceLocations = '{}', propertySourceProperties = '{org.springframework.boot.test.context.SpringBootTestContextBootstrapper=true}', contextCustomizers = set[org.springframework.boot.test.context.filter.ExcludeFilterContextCustomizer@56dc1551, org.springframework.boot.test.json.DuplicateJsonObjectContextCustomizerFactory$DuplicateJsonObjectContextCustomizer@27912e3, org.springframework.boot.test.mock.mockito.MockitoContextCustomizer@0, org.springframework.boot.test.web.client.TestRestTemplateContextCustomizer@7bf3a5d8, org.springframework.boot.test.autoconfigure.actuate.metrics.MetricsExportContextCustomizerFactory$DisableMetricExportContextCustomizer@239105a8, org.springframework.boot.test.autoconfigure.properties.PropertyMappingContextCustomizer@0, org.springframework.boot.test.autoconfigure.web.servlet.WebDriverContextCustomizerFactory$Customizer@1b266842, org.springframework.boot.test.context.SpringBootTestArgs@1, org.springframework.boot.test.context.SpringBootTestWebEnvironment@3d74bf60], resourceBasePath = 'src/main/webapp', contextLoader = 'org.springframework.boot.test.context.SpringBootContextLoader', parent = [null]], attributes = map['org.springframework.test.context.web.ServletTestExecutionListener.activateListener' -> true, 'org.springframework.test.context.web.ServletTestExecutionListener.populatedRequestContextHolder' -> true, 'org.springframework.test.context.web.ServletTestExecutionListener.resetRequestContextHolder' -> true, 'org.springframework.test.context.event.ApplicationEventsTestExecutionListener.recordApplicationEvents' -> false]]
]]></system-out>
  </testcase>
  <testcase name="contextLoads" classname="br.gov.sp.fatec.veterinario.VeterinarioApplicationTests" time="0.008"/>
</testsuite>